\BOOKMARK [1][-]{section.1}{\376\377\137\025\212\000}{}% 1
\BOOKMARK [2][-]{subsection.1.1}{\376\377\124\016\170\105\127\372\145\366\116\343\166\204\213\241\173\227\143\021\142\030}{section.1}% 2
\BOOKMARK [2][-]{subsection.1.2}{\376\377\213\276\213\241\122\250\147\072}{section.1}% 3
\BOOKMARK [2][-]{subsection.1.3}{\376\377\145\207\150\143\176\323\147\204}{section.1}% 4
\BOOKMARK [1][-]{section.2}{\376\377\127\372\170\100\377\032\171\357\122\006\123\321\145\076\171\136\176\317\121\103}{}% 5
\BOOKMARK [2][-]{subsection.2.1}{\376\377\000I\000F\171\136\176\317\121\103\122\250\122\233\133\146}{section.2}% 6
\BOOKMARK [1][-]{section.3}{\376\377\122\250\140\001\226\010\120\074\201\011\121\262\136\217\122\027\177\026\170\001}{}% 7
\BOOKMARK [2][-]{subsection.3.1}{\376\377\150\070\137\303\151\202\137\365\377\032\201\011\121\262\145\366\225\364\172\227}{section.3}% 8
\BOOKMARK [2][-]{subsection.3.2}{\376\377\220\020\153\041\220\074\217\321\123\237\164\006}{section.3}% 9
\BOOKMARK [2][-]{subsection.3.3}{\376\377\145\160\133\146\143\317\217\360}{section.3}% 10
\BOOKMARK [2][-]{subsection.3.4}{\376\377\201\011\121\262\136\217\122\027\211\343\170\001}{section.3}% 11
\BOOKMARK [1][-]{section.4}{\376\377\000F\000P\0008\000\040\000E\0004\000M\0003\000\040\150\074\137\017}{}% 12
\BOOKMARK [2][-]{subsection.4.1}{\376\377\150\074\137\017\133\232\116\111}{section.4}% 13
\BOOKMARK [2][-]{subsection.4.2}{\376\377\145\160\120\074\211\343\221\312}{section.4}% 14
\BOOKMARK [1][-]{section.5}{\376\377\201\011\121\262\220\073\217\221\225\350\165\065\215\357}{}% 15
\BOOKMARK [2][-]{subsection.5.1}{\376\377\127\372\147\054\225\350\165\065\215\357}{section.5}% 16
\BOOKMARK [3][-]{subsubsection.5.1.1}{\376\377\000A\000N\000D\225\350}{subsection.5.1}% 17
\BOOKMARK [3][-]{subsubsection.5.1.2}{\376\377\000O\000R\225\350}{subsection.5.1}% 18
\BOOKMARK [3][-]{subsubsection.5.1.3}{\376\377\000X\000O\000R\225\350}{subsection.5.1}% 19
\BOOKMARK [3][-]{subsubsection.5.1.4}{\376\377\000N\000O\000T\225\350}{subsection.5.1}% 20
\BOOKMARK [3][-]{subsubsection.5.1.5}{\376\377\000M\000U\000X\225\350\377\010\201\011\121\262\220\011\142\351\126\150\377\011}{subsection.5.1}% 21
\BOOKMARK [2][-]{subsection.5.2}{\376\377\201\011\121\262\173\227\147\057\123\125\121\103}{section.5}% 22
\BOOKMARK [3][-]{subsubsection.5.2.1}{\376\377\123\112\122\240\126\150\377\010\000H\000a\000l\000f\000\040\000A\000d\000d\000e\000r\377\011}{subsection.5.2}% 23
\BOOKMARK [3][-]{subsubsection.5.2.2}{\376\377\121\150\122\240\126\150\377\010\000F\000u\000l\000l\000\040\000A\000d\000d\000e\000r\377\011}{subsection.5.2}% 24
\BOOKMARK [3][-]{subsubsection.5.2.3}{\376\377\176\271\154\342\217\333\117\115\122\240\154\325\126\150\377\010\000R\000i\000p\000p\000l\000e\000\040\000C\000a\000r\000r\000y\000\040\000A\000d\000d\000e\000r\377\011}{subsection.5.2}% 25
\BOOKMARK [3][-]{subsubsection.5.2.4}{\376\377\201\011\121\262\121\317\154\325\126\150}{subsection.5.2}% 26
\BOOKMARK [2][-]{subsection.5.3}{\376\377\201\011\121\262\153\324\217\203\126\150}{section.5}% 27
\BOOKMARK [3][-]{subsubsection.5.3.1}{\376\377\000n\117\115\153\324\217\203\126\150\123\237\164\006}{subsection.5.3}% 28
\BOOKMARK [3][-]{subsubsection.5.3.2}{\376\377\0004\117\115\201\011\121\262\153\324\217\203\126\150}{subsection.5.3}% 29
\BOOKMARK [3][-]{subsubsection.5.3.3}{\376\377\0003\117\115\201\011\121\262\153\324\217\203\126\150}{subsection.5.3}% 30
\BOOKMARK [2][-]{subsection.5.4}{\376\377\150\166\137\142\171\373\117\115\126\150\377\010\000B\000a\000r\000r\000e\000l\000\040\000S\000h\000i\000f\000t\000e\000r\377\011}{section.5}% 31
\BOOKMARK [3][-]{subsubsection.5.4.1}{\376\377\123\363\171\373\117\115\126\150\123\237\164\006}{subsection.5.4}% 32
\BOOKMARK [3][-]{subsubsection.5.4.2}{\376\377\150\166\137\142\176\323\147\204\377\010\116\345\0008\117\115\116\072\117\213\377\011}{subsection.5.4}% 33
\BOOKMARK [3][-]{subsubsection.5.4.3}{\376\377\135\346\171\373\117\115\126\150}{subsection.5.4}% 34
\BOOKMARK [2][-]{subsection.5.5}{\376\377\122\115\133\374\226\366\150\300\155\113\126\150\377\010\000L\000e\000a\000d\000i\000n\000g\000\040\000Z\000e\000r\000o\000\040\000D\000e\000t\000e\000c\000t\000o\000r\000,\000\040\000L\000Z\000D\377\011}{section.5}% 35
\BOOKMARK [3][-]{subsubsection.5.5.1}{\376\377\0008\117\115\000L\000Z\000D\123\237\164\006}{subsection.5.5}% 36
\BOOKMARK [3][-]{subsubsection.5.5.2}{\376\377\122\006\134\102\150\300\155\113}{subsection.5.5}% 37
\BOOKMARK [3][-]{subsubsection.5.5.3}{\376\377\000L\000Z\000C\177\026\170\001}{subsection.5.5}% 38
\BOOKMARK [1][-]{section.6}{\376\377\000F\000P\0008\000\040\116\130\154\325\126\150}{}% 39
\BOOKMARK [2][-]{subsection.6.1}{\376\377\116\130\154\325\122\006\211\343}{section.6}% 40
\BOOKMARK [2][-]{subsection.6.2}{\376\377\173\046\123\367\213\241\173\227}{section.6}% 41
\BOOKMARK [2][-]{subsection.6.3}{\376\377\143\007\145\160\213\241\173\227}{section.6}% 42
\BOOKMARK [2][-]{subsection.6.4}{\376\377\134\076\145\160\116\130\154\325}{section.6}% 43
\BOOKMARK [3][-]{subsubsection.6.4.1}{\376\377\220\350\122\006\171\357\165\037\142\020}{subsection.6.4}% 44
\BOOKMARK [3][-]{subsubsection.6.4.2}{\376\377\220\350\122\006\171\357\175\057\122\240}{subsection.6.4}% 45
\BOOKMARK [2][-]{subsection.6.5}{\376\377\211\304\150\074\123\026\116\016\202\015\121\145\000\040\000\050\176\257\000S\000N\000N\133\236\163\260\000\051}{section.6}% 46
\BOOKMARK [3][-]{subsubsection.6.5.1}{\376\377\220\032\165\050\211\304\150\074\123\026\123\125\121\103\000\040\000\050\000G\000e\000n\000e\000r\000i\000c\000\040\000N\000o\000r\000m\000a\000l\000i\000z\000a\000t\000i\000o\000n\000\040\000U\000n\000i\000t\000\051}{subsection.6.5}% 47
\BOOKMARK [3][-]{subsubsection.6.5.2}{\376\377\116\013\156\242\131\004\164\006\000\040\000\050\000G\000r\000a\000d\000u\000a\000l\000\040\000U\000n\000d\000e\000r\000f\000l\000o\000w\000\051}{subsection.6.5}% 48
\BOOKMARK [3][-]{subsubsection.6.5.3}{\376\377\000R\000N\000E\202\015\121\145}{subsection.6.5}% 49
\BOOKMARK [3][-]{subsubsection.6.5.4}{\376\377\000P\000r\000e\000-\000s\000h\000i\000f\000t\000\040\000S\000t\000i\000c\000k\000y\000\137\000e\000x\000t\000r\000a\000\040\122\250\140\001\117\356\153\143}{subsection.6.5}% 50
\BOOKMARK [1][-]{section.7}{\376\377\000F\000P\0008\000\040\122\240\154\325\126\150}{}% 51
\BOOKMARK [2][-]{subsection.7.1}{\376\377\213\276\213\241\166\356\150\007}{section.7}% 52
\BOOKMARK [2][-]{subsection.7.2}{\376\377\145\164\117\123\147\266\147\204}{section.7}% 53
\BOOKMARK [2][-]{subsection.7.3}{\376\377\0001\0002\117\115\121\205\220\350\174\276\136\246}{section.7}% 54
\BOOKMARK [2][-]{subsection.7.4}{\376\377\000S\000t\000e\000p\000\040\0001\000:\000\040\143\007\145\160\153\324\217\203\116\016\133\371\237\120}{section.7}% 55
\BOOKMARK [3][-]{subsubsection.7.4.1}{\376\377\147\011\145\110\143\007\145\160\213\241\173\227}{subsection.7.4}% 56
\BOOKMARK [3][-]{subsubsection.7.4.2}{\376\377\176\335\133\371\120\074\153\324\217\203}{subsection.7.4}% 57
\BOOKMARK [3][-]{subsubsection.7.4.3}{\376\377\143\007\145\160\135\356\213\241\173\227}{subsection.7.4}% 58
\BOOKMARK [2][-]{subsection.7.5}{\376\377\000S\000t\000e\000p\000\040\0002\000:\000\040\134\076\145\160\133\371\237\120}{section.7}% 59
\BOOKMARK [2][-]{subsection.7.6}{\376\377\000S\000t\000e\000p\000\040\0003\000:\000\040\134\076\145\160\217\320\173\227}{section.7}% 60
\BOOKMARK [3][-]{subsubsection.7.6.1}{\376\377\173\046\123\367\131\004\164\006}{subsection.7.6}% 61
\BOOKMARK [3][-]{subsubsection.7.6.2}{\376\377\122\240\154\325\000/\121\317\154\325\220\011\142\351}{subsection.7.6}% 62
\BOOKMARK [3][-]{subsubsection.7.6.3}{\376\377\176\323\147\234\217\333\117\115}{subsection.7.6}% 63
\BOOKMARK [2][-]{subsection.7.7}{\376\377\000S\000t\000e\000p\000\040\0004\000:\000\040\137\122\116\000\123\026}{section.7}% 64
\BOOKMARK [3][-]{subsubsection.7.7.1}{\376\377\122\115\133\374\226\366\150\300\155\113}{subsection.7.7}% 65
\BOOKMARK [3][-]{subsubsection.7.7.2}{\376\377\143\007\145\160\214\003\145\164}{subsection.7.7}% 66
\BOOKMARK [3][-]{subsubsection.7.7.3}{\376\377\143\007\145\160\116\013\156\242\150\300\155\113}{subsection.7.7}% 67
\BOOKMARK [3][-]{subsubsection.7.7.4}{\376\377\134\076\145\160\137\122\116\000\123\026}{subsection.7.7}% 68
\BOOKMARK [2][-]{subsection.7.8}{\376\377\000S\000t\000e\000p\000\040\0005\000:\000\040\000R\000N\000E\202\015\121\145}{section.7}% 69
\BOOKMARK [3][-]{subsubsection.7.8.1}{\376\377\0001\0002\117\115\121\205\220\350\210\150\171\072\175\042\137\025\176\246\133\232}{subsection.7.8}% 70
\BOOKMARK [3][-]{subsubsection.7.8.2}{\376\377\202\015\121\145\117\115\124\214\174\230\156\336\117\115\143\320\123\326}{subsection.7.8}% 71
\BOOKMARK [3][-]{subsubsection.7.8.3}{\376\377\000R\000N\000E\122\044\145\255}{subsection.7.8}% 72
\BOOKMARK [3][-]{subsubsection.7.8.4}{\376\377\134\076\145\160\217\333\117\115}{subsection.7.8}% 73
\BOOKMARK [2][-]{subsection.7.9}{\376\377\000S\000t\000e\000p\000\040\0006\000:\000\040\162\171\153\212\140\305\121\265\131\004\164\006}{section.7}% 74
\BOOKMARK [3][-]{subsubsection.7.9.1}{\376\377\133\214\121\150\142\265\155\210\150\300\155\113}{subsection.7.9}% 75
\BOOKMARK [3][-]{subsubsection.7.9.2}{\376\377\226\366\176\323\147\234\215\357\137\204\220\011\142\351}{subsection.7.9}% 76
\BOOKMARK [3][-]{subsubsection.7.9.3}{\376\377\173\046\123\367\170\156\133\232}{subsection.7.9}% 77
\BOOKMARK [2][-]{subsection.7.10}{\376\377\133\214\145\164\213\241\173\227\155\101\172\013\377\010\117\052\116\343\170\001\377\011}{section.7}% 78
\BOOKMARK [2][-]{subsection.7.11}{\376\377\171\136\176\317\121\103\145\160\221\317\117\060\173\227}{section.7}% 79
\BOOKMARK [1][-]{section.8}{\376\377\000F\000P\0008\000\040\000L\000i\000n\000e\000a\000r\134\102}{}% 80
\BOOKMARK [2][-]{subsection.8.1}{\376\377\145\160\133\146\133\232\116\111}{section.8}% 81
\BOOKMARK [2][-]{subsection.8.2}{\376\377\201\011\121\262\127\337\133\236\163\260}{section.8}% 82
\BOOKMARK [3][-]{subsubsection.8.2.1}{\376\377\143\245\123\343}{subsection.8.2}% 83
\BOOKMARK [3][-]{subsubsection.8.2.2}{\376\377\136\177\144\255\116\130\154\325}{subsection.8.2}% 84
\BOOKMARK [3][-]{subsubsection.8.2.3}{\376\377\150\021\137\142\175\057\122\240}{subsection.8.2}% 85
\BOOKMARK [1][-]{section.9}{\376\377\174\373\176\337\162\171\140\047}{}% 86
\BOOKMARK [2][-]{subsection.9.1}{\376\377\117\115\176\247\174\276\170\156\140\047}{section.9}% 87
\BOOKMARK [2][-]{subsection.9.2}{\376\377\176\257\201\011\121\262\232\161\122\250}{section.9}% 88
\BOOKMARK [2][-]{subsection.9.3}{\376\377\131\015\147\102\136\246\122\006\147\220}{section.9}% 89
\BOOKMARK [3][-]{subsubsection.9.3.1}{\376\377\171\136\176\317\121\103\145\160\221\317}{subsection.9.3}% 90
\BOOKMARK [3][-]{subsubsection.9.3.2}{\376\377\136\366\217\337\133\232\116\111\213\364\146\016}{subsection.9.3}% 91
\BOOKMARK [3][-]{subsubsection.9.3.3}{\376\377\000L\000i\000n\000e\000a\000r\134\102\136\366\217\337\122\006\147\220}{subsection.9.3}% 92
\BOOKMARK [3][-]{subsubsection.9.3.4}{\376\377\122\240\154\325\126\150\174\276\136\246\117\335\213\301}{subsection.9.3}% 93
\BOOKMARK [1][-]{section.10}{\376\377\133\236\232\214\232\214\213\301}{}% 94
\BOOKMARK [2][-]{subsection.10.1}{\376\377\133\236\232\214\116\000\377\032\000F\000P\0008\116\130\154\325\126\150\121\150\221\317\155\113\213\325}{section.10}% 95
\BOOKMARK [2][-]{subsection.10.2}{\376\377\133\236\232\214\116\214\377\032\147\201\172\357\217\271\165\114\123\213\122\233\155\113\213\325}{section.10}% 96
\BOOKMARK [2][-]{subsection.10.3}{\376\377\133\236\232\214\116\011\377\032\162\151\164\006\234\201\150\322\140\047\122\006\147\220}{section.10}% 97
\BOOKMARK [3][-]{subsubsection.10.3.1}{\376\377\154\304\157\017\126\340\133\120\142\153\143\317}{subsection.10.3}% 98
\BOOKMARK [3][-]{subsubsection.10.3.2}{\376\377\217\223\121\145\126\152\130\360\142\153\143\317}{subsection.10.3}% 99
\BOOKMARK [3][-]{subsubsection.10.3.3}{\376\377\234\201\150\322\140\047\176\323\213\272}{subsection.10.3}% 100
\BOOKMARK [2][-]{subsection.10.4}{\376\377\133\236\232\214\126\333\377\032\215\104\156\220\145\110\163\207\176\337\213\241}{section.10}% 101
\BOOKMARK [3][-]{subsubsection.10.4.1}{\376\377\171\136\176\317\121\103\145\160\221\317\176\337\213\241}{subsection.10.4}% 102
\BOOKMARK [3][-]{subsubsection.10.4.2}{\376\377\201\011\121\262\123\321\145\076\176\337\213\241}{subsection.10.4}% 103
\BOOKMARK [3][-]{subsubsection.10.4.3}{\376\377\000L\000i\000n\000e\000a\000r\134\102\142\151\134\125\140\047\122\006\147\220}{subsection.10.4}% 104
\BOOKMARK [3][-]{subsubsection.10.4.4}{\376\377\215\104\156\220\145\110\163\207\176\323\213\272}{subsection.10.4}% 105
\BOOKMARK [2][-]{subsection.10.5}{\376\377\133\236\232\214\116\224\377\032\172\357\122\060\172\357\000L\000i\000n\000e\000a\000r\134\102\232\214\213\301}{section.10}% 106
\BOOKMARK [3][-]{subsubsection.10.5.1}{\376\377\175\057\122\240\152\041\137\017\213\364\146\016}{subsection.10.5}% 107
\BOOKMARK [3][-]{subsubsection.10.5.2}{\376\377\155\113\213\325\176\323\147\234}{subsection.10.5}% 108
\BOOKMARK [3][-]{subsubsection.10.5.3}{\376\377\121\163\225\056\123\321\163\260}{subsection.10.5}% 109
\BOOKMARK [1][-]{section.11}{\376\377\176\323\213\272}{}% 110
\BOOKMARK [2][-]{subsection.11.1}{\376\377\150\070\137\303\215\041\163\056}{section.11}% 111
\BOOKMARK [2][-]{subsection.11.2}{\376\377\176\257\000S\000N\000N\117\335\213\301}{section.11}% 112
\BOOKMARK [2][-]{subsection.11.3}{\376\377\170\154\116\366\220\002\165\050\140\047}{section.11}% 113
\BOOKMARK [2][-]{subsection.11.4}{\376\377\147\052\147\145\135\345\117\134}{section.11}% 114
